<?xml version="1.0" encoding="UTF-8" ?>
<testsuite tests="1" failures="1" name="hellocucumber.RunCucumberTest" time="0.007" errors="0" skipped="0">
  <properties>
[...]
</properties>
  <testcase classname="Is it Friday yet?" name="Sunday isn&apos;t Friday" time="0.007">
    <failure message="expected:&lt;Nope&gt; but was:&lt;null&gt;" type="java.lang.AssertionError">java.lang.AssertionError: expected:&lt;Nope&gt; but was:&lt;null&gt;
	at org.junit.Assert.fail(Assert.java:88)
	at org.junit.Assert.failNotEquals(Assert.java:834)
	at org.junit.Assert.assertEquals(Assert.java:118)
	at org.junit.Assert.assertEquals(Assert.java:144)
	at hellocucumber.Stepdefs.i_should_be_told(Stepdefs.java:31)
	at ✽.I should be told &quot;Nope&quot;(classpath:hellocucumber/is_it_friday_yet.feature:7)
</failure>
  </testcase>
</testsuite>